<?xml version="1.0" encoding="UTF-8"?>
<!-- Generated by org.testng.reporters.JUnitReportReporter -->
<testsuite skipped="0" hostname="prasad" name="api.methods.Get" tests="1" failures="0" timestamp="2021-04-03T12:16:19 IST" time="9.830" errors="0">
  <testcase name="getMethod" time="9.830" classname="api.methods.Get"/>
  <system-out/>
</testsuite> <!-- api.methods.Get -->
