<?xml version="1.0" encoding="UTF-8"?>
<!-- Generated by org.testng.reporters.JUnitReportReporter -->
<testsuite skipped="0" hostname="prasad" name="api.methods.Delete" tests="1" failures="0" timestamp="2021-04-03T11:59:57 IST" time="2.620" errors="0">
  <testcase name="deleteMethod" time="2.620" classname="api.methods.Delete"/>
  <system-out/>
</testsuite> <!-- api.methods.Delete -->
