<?xml version="1.0" encoding="UTF-8"?>
<!-- Generated by org.testng.reporters.JUnitReportReporter -->
<testsuite skipped="0" hostname="prasad" name="api.payloads.PostMethodPayloads" tests="1" failures="0" timestamp="2021-03-30T19:12:07 IST" time="0.013" errors="0">
  <testcase name="postPayload" time="0.013" classname="api.payloads.PostMethodPayloads"/>
  <system-out/>
</testsuite> <!-- api.payloads.PostMethodPayloads -->
