<?xml version="1.0" encoding="UTF-8"?>
<!-- Generated by org.testng.reporters.JUnitReportReporter -->
<testsuite skipped="0" hostname="prasad" name="api.methods.Post" tests="1" failures="0" timestamp="2021-03-30T19:16:42 IST" time="3.131" errors="0">
  <testcase name="postMethod" time="3.131" classname="api.methods.Post"/>
  <system-out/>
</testsuite> <!-- api.methods.Post -->
