<?xml version="1.0" encoding="UTF-8"?>
<!-- Generated by org.testng.reporters.JUnitReportReporter -->
<testsuite skipped="0" hostname="LAPTOP-1AEUC6QJ" name="api.methods.Get" tests="1" failures="0" timestamp="2020-10-22T16:59:53 IST" time="2.269" errors="0">
  <testcase name="getMethod" time="2.269" classname="api.methods.Get"/>
  <system-out/>
</testsuite> <!-- api.methods.Get -->
