<?xml version="1.0" encoding="UTF-8"?>
<!-- Generated by org.testng.reporters.JUnitReportReporter -->
<testsuite skipped="0" hostname="LAPTOP-1AEUC6QJ" name="api.methods.Delete" tests="1" failures="0" timestamp="2020-10-22T17:20:56 IST" time="6.070" errors="0">
  <testcase name="deleteMethod" time="6.070" classname="api.methods.Delete"/>
  <system-out/>
</testsuite> <!-- api.methods.Delete -->
