<?xml version="1.0" encoding="UTF-8"?>
<!-- Generated by org.testng.reporters.JUnitReportReporter -->
<testsuite skipped="0" hostname="prasad" name="api.methods.Put" tests="1" failures="0" timestamp="2021-03-30T18:06:39 IST" time="2.603" errors="0">
  <testcase name="putMethod" time="2.603" classname="api.methods.Put"/>
  <system-out/>
</testsuite> <!-- api.methods.Put -->
